This is LuaTeX, Version beta-0.79.1 (TeX Live 2014) (rev 4971)  (format=lualatex 2015.5.16)  16 MAY 2015 12:13
 restricted \write18 enabled.
**Steckbrief.tex
(./Steckbrief.tex
LaTeX2e <2014/05/01>
Babel <3.9k> and hyphenation patterns for 78 languages loaded.
(/usr/local/texlive/2014/texmf-dist/tex/latex/koma-script/scrreprt.cls
Document Class: scrreprt 2013/12/19 v3.12 KOMA-Script document class (report)
(/usr/local/texlive/2014/texmf-dist/tex/latex/koma-script/scrkbase.sty
Package: scrkbase 2013/12/19 v3.12 KOMA-Script package (KOMA-Script-dependent ba
sics and keyval usage)

(/usr/local/texlive/2014/texmf-dist/tex/latex/koma-script/scrbase.sty
Package: scrbase 2013/12/19 v3.12 KOMA-Script package (KOMA-Script-independent b
asics and keyval usage)

(/usr/local/texlive/2014/texmf-dist/tex/latex/graphics/keyval.sty
Package: keyval 2014/05/08 v1.15 key=value parser (DPC)
\KV@toks@=\toks14
)
(/usr/local/texlive/2014/texmf-dist/tex/latex/koma-script/scrlfile.sty
Package: scrlfile 2013/12/19 v3.12 KOMA-Script package (loading files)

Package scrlfile, 2013/12/19 v3.12 KOMA-Script package (loading files)
                  Copyright (C) Markus Kohm

))) (/usr/local/texlive/2014/texmf-dist/tex/latex/koma-script/tocbasic.sty
Package: tocbasic 2013/12/19 v3.12 KOMA-Script package (handling toc-files)
)
Package tocbasic Info: omitting babel extension for `toc'
(tocbasic)             because of feature `nobabel' available
(tocbasic)             for `toc' on input line 117.
Package tocbasic Info: omitting babel extension for `lof'
(tocbasic)             because of feature `nobabel' available
(tocbasic)             for `lof' on input line 118.
Package tocbasic Info: omitting babel extension for `lot'
(tocbasic)             because of feature `nobabel' available
(tocbasic)             for `lot' on input line 119.
Package tocbasic Info: defining new hook before heading of `' on input line 1123
.
Class scrreprt Info: File `scrsize11pt.clo' used instead of
(scrreprt)           file `scrsize11.clo' to setup font sizes on input line 1655
.

(/usr/local/texlive/2014/texmf-dist/tex/latex/koma-script/scrsize11pt.clo
File: scrsize11pt.clo 2013/12/19 v3.12 KOMA-Script font size class option (11pt)

)
(/usr/local/texlive/2014/texmf-dist/tex/latex/koma-script/typearea.sty
Package: typearea 2013/12/19 v3.12 KOMA-Script package (type area)

Package typearea, 2013/12/19 v3.12 KOMA-Script package (type area)
                  Copyright (C) Frank Neukam, 1992-1994
                  Copyright (C) Markus Kohm, 1994-

\ta@bcor=\skip41
\ta@div=\count79
\ta@hblk=\skip42
\ta@vblk=\skip43
\ta@temp=\skip44
\footheight=\skip45
Package typearea Info: These are the values describing the layout:
(typearea)             DIV  = 10
(typearea)             BCOR = 0.0pt
(typearea)             \paperwidth      = 597.50793pt
(typearea)              \textwidth      = 418.25555pt
(typearea)              DIV departure   = -6%
(typearea)              \evensidemargin = 17.3562pt
(typearea)              \oddsidemargin  = 17.3562pt
(typearea)             \paperheight     = 845.04694pt
(typearea)              \textheight     = 595.80026pt
(typearea)              \topmargin      = -25.16531pt
(typearea)              \headheight     = 17.0pt
(typearea)              \headsep        = 20.40001pt
(typearea)              \topskip        = 11.0pt
(typearea)              \footskip       = 47.6pt
(typearea)              \baselineskip   = 13.6pt
(typearea)              on input line 1330.
)
\c@part=\count80
\c@chapter=\count81
\c@section=\count82
\c@subsection=\count83
\c@subsubsection=\count84
\c@paragraph=\count85
\c@subparagraph=\count86
\abovecaptionskip=\skip46
\belowcaptionskip=\skip47
\c@pti@nb@sid@b@x=\box26
\c@figure=\count87
\c@table=\count88
\bibindent=\dimen102
) (/usr/local/texlive/2014/texmf-dist/tex/generic/babel/babel.sty
Package: babel 2014/03/24 3.9k The Babel package

(/usr/local/texlive/2014/texmf-dist/tex/generic/babel-german/ngerman.ldf
Language: ngerman 2013/12/13 v2.7 German support for babel (new orthography)

(/usr/local/texlive/2014/texmf-dist/tex/generic/babel-german/ngermanb.ldf
Language: ngermanb 2013/12/13 v2.7 German support for babel (new orthography)

(/usr/local/texlive/2014/texmf-dist/tex/generic/babel/babel.def
File: babel.def 2014/03/24 3.9k Babel common definitions
\babel@savecnt=\count89
\U@D=\dimen103

(/usr/local/texlive/2014/texmf-dist/tex/generic/babel/luababel.def
luatex-hyphen: using data file: /usr/local/texlive/2014/texmf-var/tex/generic/co
nfig/language.dat.lua))
\l@naustrian = a dialect from \language\l@ngerman 
\l@nswissgerman = a dialect from \language\l@ngerman 
Package babel Info: Making " an active character on input line 88.
luatex-hyphen: loading patterns and exceptions for: ngerman (\language31)
luatex-hyphen: info: no hyphenation exceptions for this language)))
(/usr/local/texlive/2014/texmf-dist/tex/latex/fontspec/fontspec.sty
Package: fontspec 2013/05/20 v2.3c Font selection for XeLaTeX and LuaLaTeX

(/usr/local/texlive/2014/texmf-dist/tex/latex/l3kernel/expl3.sty
Package: expl3 2014/05/20 v4814 L3 programming layer (loader) 

(/usr/local/texlive/2014/texmf-dist/tex/generic/oberdiek/ifpdf.sty
Package: ifpdf 2011/01/30 v2.3 Provides the ifpdf switch (HO)
Package ifpdf Info: pdfTeX in PDF mode is detected.
)
(/usr/local/texlive/2014/texmf-dist/tex/latex/l3kernel/expl3-code.tex
Package: expl3 2014/05/20 v4814 L3 programming layer (code) 
L3 Module: l3bootstrap 2014/05/16 v4782 L3 Bootstrap code

(/usr/local/texlive/2014/texmf-dist/tex/latex/etex-pkg/etex.sty
Package: etex 1998/03/26 v2.0 eTeX basic definition package (PEB)
\et@xins=\count90
)
(/usr/local/texlive/2014/texmf-dist/tex/generic/oberdiek/luatex.sty
Package: luatex 2010/03/09 v0.4 LuaTeX basic definition package (HO)

(/usr/local/texlive/2014/texmf-dist/tex/generic/oberdiek/infwarerr.sty
Package: infwarerr 2010/04/08 v1.3 Providing info/warning/error messages (HO)
)
(/usr/local/texlive/2014/texmf-dist/tex/generic/oberdiek/ifluatex.sty
Package: ifluatex 2010/03/01 v1.3 Provides the ifluatex switch (HO)
Package ifluatex Info: LuaTeX detected.
)
\LuT@AllocAttribute=\count277
\LuT@AllocCatcodeTable=\count278
\CatcodeTableStack=\count279
\CatcodeTableIniTeX=\catcodetable1
\CatcodeTableString=\catcodetable3
\CatcodeTableOther=\catcodetable5
\CatcodeTableLaTeX=\catcodetable7

(/usr/local/texlive/2014/texmf-dist/tex/generic/oberdiek/luatex-loader.sty
Package: luatex-loader 2010/03/09 v0.4 Lua module loader (HO)

(/usr/local/texlive/2014/texmf-dist/scripts/oberdiek/oberdiek.luatex.lua)))
L3 Module: l3names 2014/05/04 v4728 L3 Namespace for primitives
L3 Module: l3basics 2014/05/04 v4728 L3 Basic definitions
L3 Module: l3expan 2014/04/30 v4712 L3 Argument expansion
L3 Module: l3tl 2014/05/04 v4728 L3 Token lists
L3 Module: l3seq 2014/04/30 v4712 L3 Sequences and stacks
L3 Module: l3int 2014/05/16 v4776 L3 Integers
\c_max_int=\count280
\l_tmpa_int=\count281
\l_tmpb_int=\count282
\g_tmpa_int=\count283
\g_tmpb_int=\count284
L3 Module: l3quark 2014/05/04 v4728 L3 Quarks
L3 Module: l3prg 2014/05/04 v4728 L3 Control structures
\g__prg_map_int=\count285
L3 Module: l3clist 2014/05/04 v4728 L3 Comma separated lists
L3 Module: l3token 2014/05/04 v4728 L3 Experimental token manipulation
L3 Module: l3prop 2014/04/30 v4712 L3 Property lists
L3 Module: l3msg 2014/05/04 v4728 L3 Messages
L3 Module: l3file 2014/05/05 v4737 L3 File and I/O operations
\l_iow_line_count_int=\count286
\l__iow_target_count_int=\count287
\l__iow_current_line_int=\count288
\l__iow_current_word_int=\count289
\l__iow_current_indentation_int=\count290
L3 Module: l3skip 2014/05/05 v4738 L3 Dimensions and skips
\c_zero_dim=\dimen256
\c_max_dim=\dimen257
\l_tmpa_dim=\dimen258
\l_tmpb_dim=\dimen259
\g_tmpa_dim=\dimen260
\g_tmpb_dim=\dimen261
\c_zero_skip=\skip256
\c_max_skip=\skip257
\l_tmpa_skip=\skip258
\l_tmpb_skip=\skip259
\g_tmpa_skip=\skip260
\g_tmpb_skip=\skip261
\c_zero_muskip=\muskip10
\c_max_muskip=\muskip11
\l_tmpa_muskip=\muskip12
\l_tmpb_muskip=\muskip13
\g_tmpa_muskip=\muskip14
\g_tmpb_muskip=\muskip15
L3 Module: l3keys 2014/05/08 v4753 L3 Key-value interfaces
\g__keyval_level_int=\count291
\l_keys_choice_int=\count292
L3 Module: l3fp 2014/04/30 v4712 L3 Floating points
\c__fp_leading_shift_int=\count293
\c__fp_middle_shift_int=\count294
\c__fp_trailing_shift_int=\count295
\c__fp_big_leading_shift_int=\count296
\c__fp_big_middle_shift_int=\count297
\c__fp_big_trailing_shift_int=\count298
\c__fp_Bigg_leading_shift_int=\count299
\c__fp_Bigg_middle_shift_int=\count300
\c__fp_Bigg_trailing_shift_int=\count301
L3 Module: l3box 2014/05/04 v4728 L3 Experimental boxes
\c_empty_box=\box256
\l_tmpa_box=\box257
\l_tmpb_box=\box258
\g_tmpa_box=\box259
\g_tmpb_box=\box260
L3 Module: l3coffins 2014/05/04 v4728 L3 Coffin code layer
\l__coffin_internal_box=\box261
\l__coffin_internal_dim=\dimen262
\l__coffin_offset_x_dim=\dimen263
\l__coffin_offset_y_dim=\dimen264
\l__coffin_x_dim=\dimen265
\l__coffin_y_dim=\dimen266
\l__coffin_x_prime_dim=\dimen267
\l__coffin_y_prime_dim=\dimen268
\c_empty_coffin=\box262
\l__coffin_aligned_coffin=\box263
\l__coffin_aligned_internal_coffin=\box264
\l_tmpa_coffin=\box265
\l_tmpb_coffin=\box266
\l__coffin_display_coffin=\box267
\l__coffin_display_coord_coffin=\box268
\l__coffin_display_pole_coffin=\box269
\l__coffin_display_offset_dim=\dimen269
\l__coffin_display_x_dim=\dimen270
\l__coffin_display_y_dim=\dimen271
L3 Module: l3color 2014/04/30 v4712 L3 Experimental color support
L3 Module: l3luatex 2014/04/30 v4712 L3 Experimental LuaTeX-specific functions
\g__cctab_allocate_int=\count302
\g__cctab_stack_int=\count303
\c_code_cctab=\catcodetable9
L3 Module: l3candidates 2014/05/04 v4734 L3 Experimental additions to l3kernel
\l__box_top_dim=\dimen272
\l__box_bottom_dim=\dimen273
\l__box_left_dim=\dimen274
\l__box_right_dim=\dimen275
\l__box_top_new_dim=\dimen276
\l__box_bottom_new_dim=\dimen277
\l__box_left_new_dim=\dimen278
\l__box_right_new_dim=\dimen279
\l__box_internal_box=\box270
\l__coffin_bounding_shift_dim=\dimen280
\l__coffin_left_corner_dim=\dimen281
\l__coffin_right_corner_dim=\dimen282
\l__coffin_bottom_corner_dim=\dimen283
\l__coffin_top_corner_dim=\dimen284
\l__coffin_scaled_total_height_dim=\dimen285
\l__coffin_scaled_width_dim=\dimen286
))
(/usr/local/texlive/2014/texmf-dist/tex/latex/l3packages/xparse/xparse.sty
Package: xparse 2014/05/05 v4740 L3 Experimental document command parser
\l__xparse_current_arg_int=\count304
\l__xparse_m_args_int=\count305
\l__xparse_mandatory_args_int=\count306
\l__xparse_processor_int=\count307
\l__xparse_v_nesting_int=\count308
)
(/usr/local/texlive/2014/texmf-dist/tex/luatex/luaotfload/luaotfload.sty
Package: luaotfload 2014/05/18 v2.4-4 OpenType layout system

(/usr/local/texlive/2014/texmf-dist/tex/luatex/luatexbase/luatexbase.sty
Package: luatexbase 2013/05/11 v0.6 Resource management for the LuaTeX macro pro
grammer

(/usr/local/texlive/2014/texmf-dist/tex/luatex/luatexbase/luatexbase-compat.sty
Package: luatexbase-compat 2011/05/24 v0.4 Compatibility tools for LuaTeX
)
(/usr/local/texlive/2014/texmf-dist/tex/luatex/luatexbase/luatexbase-modutils.s
ty
Package: luatexbase-modutils 2013/05/11 v0.6 Module utilities for LuaTeX

(/usr/local/texlive/2014/texmf-dist/tex/luatex/luatexbase/luatexbase-loader.sty
Package: luatexbase-loader 2013/05/11 v0.6 Lua module loader for LuaTeX
(/usr/local/texlive/2014/texmf-dist/tex/luatex/luatexbase/luatexbase.loader.lua)
)
(/usr/local/texlive/2014/texmf-dist/tex/luatex/luatexbase/modutils.lua)
Lua module: luatexbase-modutils 2013/05/11 0.6 Module utilities for LuaTeX
)
(/usr/local/texlive/2014/texmf-dist/tex/luatex/luatexbase/luatexbase-regs.sty
Package: luatexbase-regs 2011/05/24 v0.4 Registers allocation for LuaTeX
)
(/usr/local/texlive/2014/texmf-dist/tex/luatex/luatexbase/luatexbase-attr.sty
Package: luatexbase-attr 2013/05/11 v0.6 Attributes allocation for LuaTeX

(/usr/local/texlive/2014/texmf-dist/tex/luatex/luatexbase/attr.lua)
Lua module: luatexbase-attr 2013/05/11 0.6 Attributes allocation for LuaTeX
\lltxb@attr@unsetvalue=\count309
)
(/usr/local/texlive/2014/texmf-dist/tex/luatex/luatexbase/luatexbase-cctb.sty
Package: luatexbase-cctb 2013/05/11 v0.6 Catcodetable allocation for LuaTeX

(/usr/local/texlive/2014/texmf-dist/tex/luatex/luatexbase/cctb.lua)
Lua module: luatexbase-cctb 2013/05/11 0.6 Catcodetable allocation for LuaTeX
\lltxb@catcodetable@alloc=\count310
\CatcodeTableStack=\count311
\CatcodeTableIniTeX=\luatexcatcodetable1
\CatcodeTableString=\luatexcatcodetable3
\CatcodeTableOther=\luatexcatcodetable5
\CatcodeTableLaTeX=\luatexcatcodetable7
\CatcodeTableLaTeXAtLetter=\luatexcatcodetable9
\CatcodeTableExpl=\luatexcatcodetable11
)
(/usr/local/texlive/2014/texmf-dist/tex/luatex/luatexbase/luatexbase-mcb.sty
Package: luatexbase-mcb 2013/05/11 v0.6 Callback management for LuaTeX

(/usr/local/texlive/2014/texmf-dist/tex/luatex/luatexbase/mcb.lua)
Lua module: luatexbase-mcb 2013/05/11 0.6 register several functions in a callba
ck
))
(/usr/local/texlive/2014/texmf-dist/tex/luatex/luaotfload/luaotfload.lua)
Lua module: luaotfload 2014/05/18 2.40005 OpenType layout system.
luaotfload: push namespace for font loader
(/usr/local/texlive/2014/texmf-dist/tex/luatex/luaotfload/luaotfload-fontloader.
lua)(using cache: /usr/local/texlive/2014/texmf-var/luatex-cache/generic)
luatexbase-attr: luatexbase.attributes["luaotfload@kernpair"] = 1
luatexbase-attr: luatexbase.attributes["luaotfload@ligacomp"] = 2
luatexbase-attr: luatexbase.attributes["luaotfload@markbase"] = 3
luatexbase-attr: luatexbase.attributes["luaotfload@markmark"] = 4
luatexbase-attr: luatexbase.attributes["luaotfload@markdone"] = 5
luatexbase-attr: luatexbase.attributes["luaotfload@cursbase"] = 6
luatexbase-attr: luatexbase.attributes["luaotfload@curscurs"] = 7
luatexbase-attr: luatexbase.attributes["luaotfload@cursdone"] = 8
luatexbase-attr: luatexbase.attributes["luaotfload@state"] = 9
luaotfload: "I am using the merged version of 'luaotfload.lua' here.
luaotfload:  If you run into problems or experience unexpected
luaotfload:  behaviour, and if you have ConTeXt installed you can try
luaotfload:  to delete the file 'luaotfload-merged.lua' as I might
luaotfload:  then use the possibly updated libraries. The merged
luaotfload:  version is not supported as it is a frozen instance.
luaotfload:  Problems can be reported to the ConTeXt mailing list."
luaotfload: pop namespace from font loader -- non-destructive
luaotfload: fontloader loaded in 0.178 seconds
luatexbase-mcb: inserting 'luaotfload.node_processor'
at position 1 in 'pre_linebreak_filter'
luatexbase-mcb: inserting 'luaotfload.node_processor'
at position 1 in 'hpack_filter'
luatexbase-mcb: inserting 'luaotfload.find_vf_file'
at position 1 in 'find_vf_file'
(/usr/local/texlive/2014/texmf-dist/tex/luatex/luaotfload/luaotfload-override.lu
a)
(/usr/local/texlive/2014/texmf-dist/tex/luatex/luaotfload/luaotfload-loaders.lua
)
(/usr/local/texlive/2014/texmf-dist/tex/luatex/luaotfload/luaotfload-database.lu
a)
luaotfload | db : Shell escape disabled or tput executable missing.
luaotfload | db : Assuming 79 cols terminal width.
luaotfload | db : Root cache directory is /usr/local/texlive/2014/texmf-var/luat
ex-cache/generic/names.
luaotfload | cache : Caching of name: lookups active.
(/usr/local/texlive/2014/texmf-dist/tex/luatex/luaotfload/luaotfload-colors.lua)
luatexbase-mcb: creating 'luaotfload.resolve_font' type 4
luatexbase-mcb: creating 'luaotfload.patch_font' type 4
luatexbase-mcb: resetting callback 'define_font'
luatexbase-mcb: inserting 'luaotfload.define_font'
at position 1 in 'define_font'
(/usr/local/texlive/2014/texmf-dist/tex/luatex/luaotfload/luaotfload-features.lu
a)
(/usr/local/texlive/2014/texmf-dist/tex/luatex/luaotfload/luaotfload-letterspace
.lua)
(/usr/local/texlive/2014/texmf-dist/tex/luatex/luaotfload/luaotfload-auxiliary.l
ua)
luatexbase-mcb: inserting 'luaotfload.aux.set_sscale_dimens'
at position 1 in 'luaotfload.patch_font'
luatexbase-mcb: inserting 'luaotfload.aux.patch_cambria_domh'
at position 2 in 'luaotfload.patch_font'
luatexbase-mcb: inserting 'luaotfload.aux.set_capheight'
at position 3 in 'luaotfload.patch_font'
luatexbase-mcb: inserting 'luaotfload.rewrite_fontname'
at position 4 in 'luaotfload.patch_font'
luaotfload | aux : start rewriting tfmdata.name field)
(/usr/local/texlive/2014/texmf-dist/tex/latex/fontspec/fontspec.lua)
Lua module: fontspec 2013/05/20 2.3c Advanced font selection for LuaLaTeX.
\l_fontspec_script_int=\count312
\l_fontspec_language_int=\count313
\l_fontspec_strnum_int=\count314
\l_fontspec_tmpa_dim=\dimen287
\l_fontspec_tmpb_dim=\dimen288
\l_fontspec_tmpc_dim=\dimen289
Variant \tl_gset:cV already defined; not changing it on line 69

(/usr/local/texlive/2014/texmf-dist/tex/latex/fontspec/fontspec-patches.sty
Package: fontspec-patches 2013/05/20 v2.3c Font selection for XeLaTeX and LuaLaT
eX

(/usr/local/texlive/2014/texmf-dist/tex/latex/base/fixltx2e.sty
Package: fixltx2e 2014/05/13 v1.1q fixes to LaTeX
LaTeX Info: Redefining \em on input line 429.
LaTeX Info: Redefining \textsubscript on input line 433.
)
LaTeX Info: Redefining \em on input line 22.
LaTeX Info: Redefining \emph on input line 30.
LaTeX Info: Redefining \- on input line 33.

*************************************************
* LaTeX warning: "xparse/redefine-command"
* 
* Redefining document command \oldstylenums with arg. spec. 'm' on line 128.
*************************************************
.................................................
. LaTeX info: "xparse/define-command"
. 
. Defining document command \liningnums with arg. spec. 'm' on line 132.
.................................................
) (/usr/local/texlive/2014/texmf-dist/tex/latex/fontspec/fontspec-luatex.sty
Package: fontspec-luatex 2013/05/20 v2.3c Font selection for XeLaTeX and LuaLaTe
X

(/usr/local/texlive/2014/texmf-dist/tex/latex/base/fontenc.sty
Package: fontenc 2005/09/27 v1.99g Standard LaTeX package

(/usr/local/texlive/2014/texmf-dist/tex/latex/euenc/eu2enc.def
File: eu2enc.def 2010/05/27 v0.1h Experimental Unicode font encodings
)
LaTeX Font Info:    Try loading font information for EU2+lmr on input line 100.

(/usr/local/texlive/2014/texmf-dist/tex/latex/euenc/eu2lmr.fd
File: eu2lmr.fd 2009/10/30 v1.6 Font defs for Latin Modern
)
luaotfload | load : auto-selecting default features for script: latn
luaotfload | load : no defaults for script "latn", falling back to "dflt"
luaotfload | db : Font names database loaded(load luc: /usr/local/texlive/2014/t
exmf-var/luatex-cache/generic/fonts/otf/lmroman10-regular.luc)) (/usr/local/tex
live/2014/texmf-dist/tex/xelatex/xunicode/xunicode.sty
File: xunicode.sty 2011/09/09 v0.981 provides access to latin accents and many o
ther characters in Unicode lower plane

(/usr/local/texlive/2014/texmf-dist/tex/latex/tipa/t3enc.def
File: t3enc.def 2001/12/31 T3 encoding
luaotfload | load : auto-selecting default features for script: latn
luaotfload | load : no defaults for script "latn", falling back to "dflt"(load l
uc: /usr/local/texlive/2014/texmf-var/luatex-cache/generic/fonts/otf/lmromanslan
t10-regular.luc)
luaotfload | load : auto-selecting default features for script: latn
luaotfload | load : no defaults for script "latn", falling back to "dflt"(load l
uc: /usr/local/texlive/2014/texmf-var/luatex-cache/generic/fonts/otf/lmroman10-i
talic.luc)
luaotfload | load : auto-selecting default features for script: latn
luaotfload | load : no defaults for script "latn", falling back to "dflt"(load l
uc: /usr/local/texlive/2014/texmf-var/luatex-cache/generic/fonts/otf/lmroman10-b
old.luc)
LaTeX Font Info:    Try loading font information for EU2+lmss on input line 357.


(/usr/local/texlive/2014/texmf-dist/tex/latex/euenc/eu2lmss.fd
File: eu2lmss.fd 2009/10/30 v1.6 Font defs for Latin Modern
)
luaotfload | load : auto-selecting default features for script: latn
luaotfload | load : no defaults for script "latn", falling back to "dflt"(load l
uc: /usr/local/texlive/2014/texmf-var/luatex-cache/generic/fonts/otf/lmsans10-re
gular.luc))
\tipaTiiicode=\count315
\tipasavetokens=\toks15
\tipachecktokens=\toks16
 (/usr/local/texlive/2014/texmf-dist/tex/latex/graphics/graphicx.sty
Package: graphicx 2014/04/25 v1.0g Enhanced LaTeX Graphics (DPC,SPQR)

(/usr/local/texlive/2014/texmf-dist/tex/latex/graphics/graphics.sty
Package: graphics 2009/02/05 v1.0o Standard LaTeX Graphics (DPC,SPQR)

(/usr/local/texlive/2014/texmf-dist/tex/latex/graphics/trig.sty
Package: trig 1999/03/16 v1.09 sin cos tan (DPC)
)
(/usr/local/texlive/2014/texmf-dist/tex/latex/latexconfig/graphics.cfg
File: graphics.cfg 2010/04/23 v1.9 graphics configuration of TeX Live
)
Package graphics Info: Driver file: pdftex.def on input line 91.

(/usr/local/texlive/2014/texmf-dist/tex/latex/pdftex-def/pdftex.def
File: pdftex.def 2011/05/27 v0.06d Graphics/color for pdfTeX

(/usr/local/texlive/2014/texmf-dist/tex/generic/oberdiek/ltxcmds.sty
Package: ltxcmds 2011/11/09 v1.22 LaTeX kernel commands for general use (HO)
)
(/usr/local/texlive/2014/texmf-dist/tex/generic/oberdiek/pdftexcmds.sty
Package: pdftexcmds 2011/11/29 v0.20 Utility functions of pdfTeX for LuaTeX (HO)

Package pdftexcmds Info: \pdf@primitive is available.
Package pdftexcmds Info: \pdf@ifprimitive is available.
Package pdftexcmds Info: \pdfdraftmode found.

(/usr/local/texlive/2014/texmf-dist/scripts/oberdiek/pdftexcmds.lua)
\pdftexcmds@toks=\toks17
)
\Gread@gobject=\count316
))
\Gin@req@height=\dimen290
\Gin@req@width=\dimen291
))
.................................................
. LaTeX info: "xparse/define-command"
. 
. Defining document command \fontspec with arg. spec. 'O{}m' on line 44.
.................................................
.................................................
. LaTeX info: "xparse/define-command"
. 
. Defining document command \setmainfont with arg. spec. 'O{}m' on line 49.
.................................................
.................................................
. LaTeX info: "xparse/define-command"
. 
. Defining document command \setsansfont with arg. spec. 'O{}m' on line 54.
.................................................
.................................................
. LaTeX info: "xparse/define-command"
. 
. Defining document command \setmonofont with arg. spec. 'O{}m' on line 59.
.................................................
.................................................
. LaTeX info: "xparse/define-command"
. 
. Defining document command \setmathrm with arg. spec. 'O{}m' on line 68.
.................................................
.................................................
. LaTeX info: "xparse/define-command"
. 
. Defining document command \setboldmathrm with arg. spec. 'O{}m' on line 72.
.................................................
.................................................
. LaTeX info: "xparse/define-command"
. 
. Defining document command \setmathsf with arg. spec. 'O{}m' on line 76.
.................................................
.................................................
. LaTeX info: "xparse/define-command"
. 
. Defining document command \setmathtt with arg. spec. 'O{}m' on line 80.
.................................................
.................................................
. LaTeX info: "xparse/define-command"
. 
. Defining document command \newfontfamily with arg. spec. 'mO{}m' on line 99.
.................................................
.................................................
. LaTeX info: "xparse/define-command"
. 
. Defining document command \newfontface with arg. spec. 'mO{}m' on line 103.
.................................................
.................................................
. LaTeX info: "xparse/define-command"
. 
. Defining document command \defaultfontfeatures with arg. spec. 'om' on line
. 111.
.................................................
.................................................
. LaTeX info: "xparse/define-command"
. 
. Defining document command \addfontfeatures with arg. spec. 'm' on line 147.
.................................................
.................................................
. LaTeX info: "xparse/define-command"
. 
. Defining document command \newfontfeature with arg. spec. 'mm' on line 159.
.................................................
.................................................
. LaTeX info: "xparse/define-command"
. 
. Defining document command \newAATfeature with arg. spec. 'mmmm' on line 167.
.................................................
.................................................
. LaTeX info: "xparse/define-command"
. 
. Defining document command \newICUfeature with arg. spec. 'mmm' on line 175.
.................................................
.................................................
. LaTeX info: "xparse/define-command"
. 
. Defining document command \aliasfontfeature with arg. spec. 'mm' on line
. 204.
.................................................
.................................................
. LaTeX info: "xparse/define-command"
. 
. Defining document command \aliasfontfeatureoption with arg. spec. 'mmm' on
. line 206.
.................................................
.................................................
. LaTeX info: "xparse/define-command"
. 
. Defining document command \newfontscript with arg. spec. 'mm' on line 211.
.................................................
.................................................
. LaTeX info: "xparse/define-command"
. 
. Defining document command \newfontlanguage with arg. spec. 'mm' on line 238.
.................................................
.................................................
. LaTeX info: "xparse/define-command"
. 
. Defining document command \DeclareFontsExtensions with arg. spec. 'm' on
. line 259.
.................................................
Variant \prop_gput:cnV already defined; not changing it on line 586
Variant \prop_gput:cnx already defined; not changing it on line 587
\l_fontspec_tmp_int=\count317
LaTeX Info: Redefining \itshape on input line 2008.
LaTeX Info: Redefining \slshape on input line 2013.
LaTeX Info: Redefining \scshape on input line 2018.
LaTeX Info: Redefining \upshape on input line 2023.

(/usr/local/texlive/2014/texmf-dist/tex/latex/fontspec/fontspec.cfg)))
(/usr/local/texlive/2014/texmf-dist/tex/latex/microtype/microtype.sty
Package: microtype 2013/05/23 v2.5a Micro-typographical refinements (RS)
\MT@toks=\toks18
\MT@count=\count318
LaTeX Info: Redefining \textls on input line 766.
\MT@outer@kern=\dimen292
LaTeX Info: Redefining \textmicrotypecontext on input line 1285.
\MT@listname@count=\count319

(/usr/local/texlive/2014/texmf-dist/tex/latex/microtype/microtype-luatex.def
File: microtype-luatex.def 2013/05/23 v2.5a Definitions specific to luatex (RS)

(/usr/local/texlive/2014/texmf-dist/tex/latex/microtype/microtype.lua)
Lua module: microtype 2013/05/15 2.5 microtype module.
LaTeX Info: Redefining \lsstyle on input line 644.
LaTeX Info: Redefining \lslig on input line 644.
\MT@outer@space=\skip262
)
Package microtype Info: Loading configuration file microtype.cfg.

(/usr/local/texlive/2014/texmf-dist/tex/latex/microtype/microtype.cfg
File: microtype.cfg 2013/05/23 v2.5a microtype main configuration file (RS)
))
(/usr/local/texlive/2014/texmf-dist/tex/latex/tools/multicol.sty
Package: multicol 2014/04/23 v1.8e multicolumn formatting (FMi)
\c@tracingmulticols=\count320
\mult@box=\box271
\multicol@leftmargin=\dimen293
\c@unbalance=\count321
\c@collectmore=\count322
\doublecol@number=\count323
\multicoltolerance=\count324
\multicolpretolerance=\count325
\full@width=\dimen294
\page@free=\dimen295
\premulticols=\dimen296
\postmulticols=\dimen297
\multicolsep=\skip263
\multicolbaselineskip=\skip264
\partial@page=\box272
\last@line=\box273
\maxbalancingoverflow=\dimen298
\mult@rightbox=\box274
\mult@grightbox=\box275
\mult@gfirstbox=\box276
\mult@firstbox=\box277
\@tempa=\box278
\@tempa=\box279
\@tempa=\box280
\@tempa=\box281
\@tempa=\box282
\@tempa=\box283
\@tempa=\box284
\@tempa=\box285
\@tempa=\box286
\@tempa=\box287
\@tempa=\box288
\@tempa=\box289
\@tempa=\box290
\@tempa=\box291
\@tempa=\box292
\@tempa=\box293
\@tempa=\box294
\c@columnbadness=\count326
\c@finalcolumnbadness=\count327
\last@try=\dimen299
\multicolovershoot=\dimen300
\multicolundershoot=\dimen301
\mult@nat@firstbox=\box295
\colbreak@box=\box296
\mc@col@check@num=\count328
)
(/usr/local/texlive/2014/texmf-dist/tex/latex/koma-script/scrpage2.sty
Package: scrpage2 2013/12/19 v3.12 KOMA-Script package (page head and foot)
LaTeX Info: Redefining \pagemark on input line 174.
)
(/usr/local/texlive/2014/texmf-dist/tex/latex/geometry/geometry.sty
Package: geometry 2010/09/12 v5.6 Page Geometry

(/usr/local/texlive/2014/texmf-dist/tex/generic/oberdiek/ifvtex.sty
Package: ifvtex 2010/03/01 v1.5 Detect VTeX and its facilities (HO)
Package ifvtex Info: VTeX not detected.
)
(/usr/local/texlive/2014/texmf-dist/tex/generic/ifxetex/ifxetex.sty
Package: ifxetex 2010/09/12 v0.6 Provides ifxetex conditional
)
\Gm@cnth=\count329
\Gm@cntv=\count330
\c@Gm@tempcnt=\count331
\Gm@bindingoffset=\dimen302
\Gm@wd@mp=\dimen303
\Gm@odd@mp=\dimen304
\Gm@even@mp=\dimen305
\Gm@layoutwidth=\dimen306
\Gm@layoutheight=\dimen307
\Gm@layouthoffset=\dimen308
\Gm@layoutvoffset=\dimen309
\Gm@dimlist=\toks19
)
(/usr/local/texlive/2014/texmf-dist/tex/latex/wrapfig/wrapfig.sty
\wrapoverhang=\dimen310
\WF@size=\dimen311
\c@WF@wrappedlines=\count332
\WF@box=\box297
\WF@everypar=\toks20
Package: wrapfig 2003/01/31  v 3.6
)
(/usr/local/texlive/2014/texmf-dist/tex/latex/booktabs/booktabs.sty
Package: booktabs 2005/04/14 v1.61803 publication quality tables
\heavyrulewidth=\dimen312
\lightrulewidth=\dimen313
\cmidrulewidth=\dimen314
\belowrulesep=\dimen315
\belowbottomsep=\dimen316
\aboverulesep=\dimen317
\abovetopsep=\dimen318
\cmidrulesep=\dimen319
\cmidrulekern=\dimen320
\defaultaddspace=\dimen321
\@cmidla=\count333
\@cmidlb=\count334
\@aboverulesep=\dimen322
\@belowrulesep=\dimen323
\@thisruleclass=\count335
\@lastruleclass=\count336
\@thisrulewidth=\dimen324
)
\g__file_internal_ior=\read1
luaotfload | load : auto-selecting default features for script: dflt(load luc: /
usr/local/texlive/2014/texmf-var/luatex-cache/generic/fonts/otf/linlibertine-r.l
uc)
luaotfload | load : auto-selecting default features for script: dflt
luaotfload: font no 21 (LinLibertineO) defines feature mkmk for script latn
luaotfload: font no 21 (LinLibertineO) defines feature mkmk for script latn
luaotfload: font no 21 (LinLibertineO) defines feature liga for script latn with
 language dflt
\g_fontspec_family_Linux Libertine O_int=\count337
luaotfload | load : auto-selecting default features for script: dflt
luaotfload: font no 21 (LinLibertineO) defines feature liga for script latn with
 language dflt
luaotfload: font no 21 (LinLibertineO) defines feature smcp for script latn with
 language dflt
luaotfload: font no 21 (LinLibertineO) defines feature liga for script latn with
 language dflt
luaotfload: font no 21 (LinLibertineO) defines feature smcp for script latn with
 language dflt
luaotfload | load : auto-selecting default features for script: dflt
luaotfload | load : auto-selecting default features for script: dflt(load luc: /
usr/local/texlive/2014/texmf-var/luatex-cache/generic/fonts/otf/linlibertine-rb.
luc)
luaotfload | load : auto-selecting default features for script: dflt
luaotfload: font no 22 (LinLibertineOB) defines feature liga for script latn wit
h language dflt
luaotfload: font no 22 (LinLibertineOB) defines feature smcp for script latn wit
h language dflt
luaotfload: font no 22 (LinLibertineOB) defines feature liga for script latn wit
h language dflt
luaotfload: font no 22 (LinLibertineOB) defines feature smcp for script latn wit
h language dflt
luaotfload | load : auto-selecting default features for script: dflt
luaotfload | load : auto-selecting default features for script: dflt(load luc: /
usr/local/texlive/2014/texmf-var/luatex-cache/generic/fonts/otf/linlibertine-ri.
luc)
luaotfload | load : auto-selecting default features for script: dflt
luaotfload: font no 23 (LinLibertineOI) defines feature liga for script latn wit
h language dflt
luaotfload: font no 23 (LinLibertineOI) defines feature smcp for script latn wit
h language dflt
luaotfload: font no 23 (LinLibertineOI) defines feature liga for script latn wit
h language dflt
luaotfload: font no 23 (LinLibertineOI) defines feature smcp for script latn wit
h language dflt
luaotfload | load : auto-selecting default features for script: dflt
luaotfload | load : auto-selecting default features for script: dflt(load luc: /
usr/local/texlive/2014/texmf-var/luatex-cache/generic/fonts/otf/linlibertine-rbi
.luc)
luaotfload | load : auto-selecting default features for script: dflt
luaotfload: font no 24 (LinLibertineOBI) defines feature liga for script latn wi
th language dflt
luaotfload: font no 24 (LinLibertineOBI) defines feature smcp for script latn wi
th language dflt
luaotfload: font no 24 (LinLibertineOBI) defines feature liga for script latn wi
th language dflt
luaotfload: font no 24 (LinLibertineOBI) defines feature smcp for script latn wi
th language dflt
.................................................
. fontspec info: "defining-font"
. 
. Font family 'LinuxLibertineO(0)' created for font 'Linux Libertine O' with
. options [Ligatures=Common].
. 
. This font family consists of the following shapes:
. 
. * 'normal' with NFSS spec.:
. <->"LinuxLibertineO:mode=node;script=latn;language=DFLT;+liga;"
. 
. * 'small caps' with NFSS spec.:
. <->"LinuxLibertineO:mode=node;script=latn;language=DFLT;+liga;+smcp;"
. 
. * 'bold' with NFSS spec.:
. <->"LinuxLibertineO/B:mode=node;script=latn;language=DFLT;+liga;"
. 
. * 'bold small caps' with NFSS spec.:
. <->"LinuxLibertineO/B:mode=node;script=latn;language=DFLT;+liga;+smcp;"
. 
. * 'italic' with NFSS spec.:
. <->"LinuxLibertineO/I:mode=node;script=latn;language=DFLT;+liga;"
. 
. * 'italic small caps' with NFSS spec.:
. <->"LinuxLibertineO/I:mode=node;script=latn;language=DFLT;+liga;+smcp;"
. 
. * 'bold italic' with NFSS spec.:
. <->"LinuxLibertineO/BI:mode=node;script=latn;language=DFLT;+liga;"
. 
. * 'bold italic small caps' with NFSS spec.:
. <->"LinuxLibertineO/BI:mode=node;script=latn;language=DFLT;+liga;+smcp;"
.................................................
luaotfload | load : auto-selecting default features for script: latn
luaotfload | load : no defaults for script "latn", falling back to "dflt"
luaotfload | load : auto-selecting default features for script: dflt
luaotfload | load : auto-selecting default features for script: dflt
luaotfload: font no 21 (LinLibertineO) defines feature mkmk for script latn
luaotfload: font no 21 (LinLibertineO) defines feature mkmk for script latn
luaotfload | load : auto-selecting default features for script: dflt
luaotfload: font no 21 (LinLibertineO) defines feature smcp for script latn with
 language dflt
luaotfload: font no 21 (LinLibertineO) defines feature smcp for script latn with
 language dflt
luaotfload | load : auto-selecting default features for script: dflt
luaotfload | load : auto-selecting default features for script: dflt
luaotfload | load : auto-selecting default features for script: dflt
luaotfload: font no 22 (LinLibertineOB) defines feature smcp for script latn wit
h language dflt
luaotfload: font no 22 (LinLibertineOB) defines feature smcp for script latn wit
h language dflt
luaotfload | load : auto-selecting default features for script: dflt
luaotfload | load : auto-selecting default features for script: dflt
luaotfload | load : auto-selecting default features for script: dflt
luaotfload: font no 23 (LinLibertineOI) defines feature smcp for script latn wit
h language dflt
luaotfload: font no 23 (LinLibertineOI) defines feature smcp for script latn wit
h language dflt
luaotfload | load : auto-selecting default features for script: dflt
luaotfload | load : auto-selecting default features for script: dflt
luaotfload | load : auto-selecting default features for script: dflt
luaotfload: font no 24 (LinLibertineOBI) defines feature smcp for script latn wi
th language dflt
luaotfload: font no 24 (LinLibertineOBI) defines feature smcp for script latn wi
th language dflt
.................................................
. fontspec info: "defining-font"
. 
. Font family 'LinuxLibertineO(1)' created for font 'Linux Libertine O' with
. options [].
. 
. This font family consists of the following shapes:
. 
. * 'normal' with NFSS spec.:
. <->"LinuxLibertineO:mode=node;script=latn;language=DFLT;"
. 
. * 'small caps' with NFSS spec.:
. <->"LinuxLibertineO:mode=node;script=latn;language=DFLT;+smcp;"
. 
. * 'bold' with NFSS spec.:
. <->"LinuxLibertineO/B:mode=node;script=latn;language=DFLT;"
. 
. * 'bold small caps' with NFSS spec.:
. <->"LinuxLibertineO/B:mode=node;script=latn;language=DFLT;+smcp;"
. 
. * 'italic' with NFSS spec.:
. <->"LinuxLibertineO/I:mode=node;script=latn;language=DFLT;"
. 
. * 'italic small caps' with NFSS spec.:
. <->"LinuxLibertineO/I:mode=node;script=latn;language=DFLT;+smcp;"
. 
. * 'bold italic' with NFSS spec.:
. <->"LinuxLibertineO/BI:mode=node;script=latn;language=DFLT;"
. 
. * 'bold italic small caps' with NFSS spec.:
. <->"LinuxLibertineO/BI:mode=node;script=latn;language=DFLT;+smcp;"
.................................................

No file Steckbrief.aux.
LaTeX Font Info:    Checking defaults for OML/cmm/m/it on input line 20.
LaTeX Font Info:    ... okay on input line 20.
LaTeX Font Info:    Checking defaults for T1/cmr/m/n on input line 20.
LaTeX Font Info:    ... okay on input line 20.
LaTeX Font Info:    Checking defaults for OT1/cmr/m/n on input line 20.
LaTeX Font Info:    ... okay on input line 20.
LaTeX Font Info:    Checking defaults for OMS/cmsy/m/n on input line 20.
LaTeX Font Info:    ... okay on input line 20.
LaTeX Font Info:    Checking defaults for OMX/cmex/m/n on input line 20.
LaTeX Font Info:    ... okay on input line 20.
LaTeX Font Info:    Checking defaults for U/cmr/m/n on input line 20.
LaTeX Font Info:    ... okay on input line 20.
LaTeX Font Info:    Checking defaults for EU2/lmr/m/n on input line 20.
LaTeX Font Info:    ... okay on input line 20.
LaTeX Font Info:    Checking defaults for T3/cmr/m/n on input line 20.
LaTeX Font Info:    Try loading font information for T3+cmr on input line 20.
(/usr/local/texlive/2014/texmf-dist/tex/latex/tipa/t3cmr.fd
File: t3cmr.fd 2001/12/31 TIPA font definitions
)
LaTeX Font Info:    ... okay on input line 20.
luaotfload | load : auto-selecting default features for script: latn
luaotfload | load : no defaults for script "latn", falling back to "dflt"
(/usr/local/texlive/2014/texmf-dist/tex/context/base/supp-pdf.mkii
[Loading MPS to PDF converter (version 2006.09.02).]
\scratchcounter=\count338
\scratchdimen=\dimen325
\scratchbox=\box298
\nofMPsegments=\count339
\nofMParguments=\count340
\everyMPshowfont=\toks21
\MPscratchCnt=\count341
\MPscratchDim=\dimen326
\MPnumerator=\count342
\makeMPintoPDFobject=\count343
\everyMPtoPDFconversion=\toks22
) (/usr/local/texlive/2014/texmf-dist/tex/latex/oberdiek/epstopdf-base.sty
Package: epstopdf-base 2010/02/09 v2.5 Base part for package epstopdf

(/usr/local/texlive/2014/texmf-dist/tex/latex/oberdiek/grfext.sty
Package: grfext 2010/08/19 v1.1 Manage graphics extensions (HO)

(/usr/local/texlive/2014/texmf-dist/tex/generic/oberdiek/kvdefinekeys.sty
Package: kvdefinekeys 2011/04/07 v1.3 Define keys (HO)
))
(/usr/local/texlive/2014/texmf-dist/tex/latex/oberdiek/kvoptions.sty
Package: kvoptions 2011/06/30 v3.11 Key value format for package options (HO)

(/usr/local/texlive/2014/texmf-dist/tex/generic/oberdiek/kvsetkeys.sty
Package: kvsetkeys 2012/04/25 v1.16 Key value parser (HO)

(/usr/local/texlive/2014/texmf-dist/tex/generic/oberdiek/etexcmds.sty
Package: etexcmds 2011/02/16 v1.5 Avoid name clashes with e-TeX commands (HO)
)))
Package grfext Info: Graphics extension search list:
(grfext)             [.png,.pdf,.jpg,.mps,.jpeg,.jbig2,.jb2,.PNG,.PDF,.JPG,.JPEG
,.JBIG2,.JB2,.eps]
(grfext)             \AppendGraphicsExtensions on input line 452.

(/usr/local/texlive/2014/texmf-dist/tex/latex/latexconfig/epstopdf-sys.cfg
File: epstopdf-sys.cfg 2010/07/13 v1.3 Configuration of (r)epstopdf for TeX Live

))
.................................................
. fontspec info: "setup-math"
. 
. Adjusting the maths setup (use [no-math] to avoid this).
.................................................
\symlegacymaths=\mathgroup4
LaTeX Font Info:    Overwriting symbol font `legacymaths' in version `bold'
(Font)                  OT1/cmr/m/n --> OT1/cmr/bx/n on input line 20.
LaTeX Font Info:    Redeclaring math accent \acute on input line 20.
LaTeX Font Info:    Redeclaring math accent \grave on input line 20.
LaTeX Font Info:    Redeclaring math accent \ddot on input line 20.
LaTeX Font Info:    Redeclaring math accent \tilde on input line 20.
LaTeX Font Info:    Redeclaring math accent \bar on input line 20.
LaTeX Font Info:    Redeclaring math accent \breve on input line 20.
LaTeX Font Info:    Redeclaring math accent \check on input line 20.
LaTeX Font Info:    Redeclaring math accent \hat on input line 20.
LaTeX Font Info:    Redeclaring math accent \dot on input line 20.
LaTeX Font Info:    Redeclaring math accent \mathring on input line 20.
LaTeX Font Info:    Redeclaring math symbol \colon on input line 20.
LaTeX Font Info:    Redeclaring math symbol \Gamma on input line 20.
LaTeX Font Info:    Redeclaring math symbol \Delta on input line 20.
LaTeX Font Info:    Redeclaring math symbol \Theta on input line 20.
LaTeX Font Info:    Redeclaring math symbol \Lambda on input line 20.
LaTeX Font Info:    Redeclaring math symbol \Xi on input line 20.
LaTeX Font Info:    Redeclaring math symbol \Pi on input line 20.
LaTeX Font Info:    Redeclaring math symbol \Sigma on input line 20.
LaTeX Font Info:    Redeclaring math symbol \Upsilon on input line 20.
LaTeX Font Info:    Redeclaring math symbol \Phi on input line 20.
LaTeX Font Info:    Redeclaring math symbol \Psi on input line 20.
LaTeX Font Info:    Redeclaring math symbol \Omega on input line 20.
LaTeX Font Info:    Redeclaring math symbol \mathdollar on input line 20.
LaTeX Font Info:    Redeclaring symbol font `operators' on input line 20.
LaTeX Font Info:    Encoding `OT1' has changed to `EU2' for symbol font
(Font)              `operators' in the math version `normal' on input line 20.
LaTeX Font Info:    Overwriting symbol font `operators' in version `normal'
(Font)                  OT1/cmr/m/n --> EU2/LinuxLibertineO(0)/m/n on input line
 20.
LaTeX Font Info:    Encoding `OT1' has changed to `EU2' for symbol font
(Font)              `operators' in the math version `bold' on input line 20.
LaTeX Font Info:    Overwriting symbol font `operators' in version `bold'
(Font)                  OT1/cmr/bx/n --> EU2/LinuxLibertineO(0)/m/n on input lin
e 20.
LaTeX Font Info:    Overwriting symbol font `operators' in version `normal'
(Font)                  EU2/LinuxLibertineO(0)/m/n --> EU2/LinuxLibertineO(0)/m/
n on input line 20.
LaTeX Font Info:    Overwriting math alphabet `\mathrm' in version `normal'
(Font)                  EU2/LinuxLibertineO(0)/m/n --> EU2/LinuxLibertineO(0)/m/
n on input line 20.
LaTeX Font Info:    Overwriting math alphabet `\mathit' in version `normal'
(Font)                  OT1/cmr/m/it --> EU2/LinuxLibertineO(0)/m/it on input li
ne 20.
LaTeX Font Info:    Overwriting math alphabet `\mathbf' in version `normal'
(Font)                  OT1/cmr/bx/n --> EU2/LinuxLibertineO(0)/bx/n on input li
ne 20.
LaTeX Font Info:    Overwriting math alphabet `\mathsf' in version `normal'
(Font)                  OT1/cmss/m/n --> EU2/LinuxLibertineO(1)/m/n on input lin
e 20.
LaTeX Font Info:    Overwriting math alphabet `\mathtt' in version `normal'
(Font)                  OT1/cmtt/m/n --> EU2/lmtt/m/n on input line 20.
LaTeX Font Info:    Overwriting symbol font `operators' in version `bold'
(Font)                  EU2/LinuxLibertineO(0)/m/n --> EU2/LinuxLibertineO(0)/bx
/n on input line 20.
LaTeX Font Info:    Overwriting math alphabet `\mathrm' in version `bold'
(Font)                  EU2/LinuxLibertineO(0)/m/n --> EU2/LinuxLibertineO(0)/bx
/n on input line 20.
LaTeX Font Info:    Overwriting math alphabet `\mathit' in version `bold'
(Font)                  OT1/cmr/bx/it --> EU2/LinuxLibertineO(0)/bx/it on input 
line 20.
LaTeX Font Info:    Overwriting math alphabet `\mathsf' in version `bold'
(Font)                  OT1/cmss/bx/n --> EU2/LinuxLibertineO(1)/bx/n on input l
ine 20.
LaTeX Font Info:    Overwriting math alphabet `\mathtt' in version `bold'
(Font)                  OT1/cmtt/m/n --> EU2/lmtt/bx/n on input line 20.
LaTeX Info: Redefining \microtypecontext on input line 20.
Package microtype Info: Generating PDF output.
Package microtype Info: Character protrusion enabled (level 2).
Package microtype Info: Using default protrusion set `alltext'.
Package microtype Info: Automatic font expansion enabled (level 2),
(microtype)             stretch: 20, shrink: 20, step: 1, non-selected.
Package microtype Info: Using default expansion set `basictext'.
Package microtype Info: No adjustment of tracking.
Package microtype Info: No adjustment of spacing.
Package microtype Info: No adjustment of kerning.
Package microtype Info: Loading generic settings for font family
(microtype)             `LinuxLibertineO' (encoding: EU2).
(microtype)             For optimal results, create family-specific settings.
(microtype)             See the microtype manual for details.

*geometry* driver: auto-detecting
*geometry* detected driver: pdftex
*geometry* verbose mode - [ preamble ] result:
* driver: pdftex
* paper: <default>
* layout: <same size as paper>
* layoutoffset:(h,v)=(0.0pt,0.0pt)
* modes: 
* h-part:(L,W,R)=(89.6271pt, 418.25372pt, 89.6271pt)
* v-part:(T,H,B)=(30.729pt, 768.2244pt, 46.09354pt)
* \paperwidth=597.50793pt
* \paperheight=845.04694pt
* \textwidth=418.25372pt
* \textheight=768.2244pt
* \oddsidemargin=17.35712pt
* \evensidemargin=17.35712pt
* \topmargin=-78.941pt
* \headheight=17.0pt
* \headsep=20.40001pt
* \topskip=11.0pt
* \footskip=47.6pt
* \marginparwidth=59.7508pt
* \marginparsep=12.8401pt
* \columnsep=10.0pt
* \skip\footins=10.0pt plus 4.0pt minus 2.0pt
* \hoffset=0.0pt
* \voffset=0.0pt
* \mag=1000
* \@twocolumnfalse
* \@twosidefalse
* \@mparswitchfalse
* \@reversemarginfalse
* (1in=72.27pt=25.4mm, 1cm=28.453pt)

luaotfload | load : auto-selecting default features for script: latn
luaotfload | load : no defaults for script "latn", falling back to "dflt"
luaotfload | load : auto-selecting default features for script: latn
luaotfload | load : no defaults for script "latn", falling back to "dflt"
luaotfload | load : auto-selecting default features for script: latn
luaotfload | load : no defaults for script "latn", falling back to "dflt"
luaotfload | load : auto-selecting default features for script: latn
luaotfload | load : no defaults for script "latn", falling back to "dflt"
Underfull \hbox (badness 10000) in paragraph at lines 36--40

 []

<pov.png, id=1, 271.0125pt x 130.086pt>
File: pov.png Graphic file (type png)
 <use pov.png>
Package pdftex.def Info: pov.png used on input line 44.
(pdftex.def)             Requested size: 209.14342pt x 100.38318pt.

<team.png, id=2, 634.37pt x 393.47pt>
File: team.png Graphic file (type png)
 <use team.png>
Package pdftex.def Info: team.png used on input line 45.
(pdftex.def)             Requested size: 161.8348pt x 100.38318pt.
luaotfload | load : auto-selecting default features for script: latn
luaotfload | load : no defaults for script "latn", falling back to "dflt"
luaotfload | load : auto-selecting default features for script: latn
luaotfload | load : no defaults for script "latn", falling back to "dflt"
luaotfload | load : auto-selecting default features for script: dflt
luaotfload | load : auto-selecting default features for script: dflt
luaotfload | load : auto-selecting default features for script: dflt
luaotfload | load : auto-selecting default features for script: dflt
luaotfload | load : auto-selecting default features for script: dflt
luaotfload | load : auto-selecting default features for script: dflt
LaTeX Font Info:    External font `cmex10' loaded for size
(Font)              <10.95> on input line 52.
luaotfload | load : auto-selecting default features for script: dflt
LaTeX Font Info:    External font `cmex10' loaded for size
(Font)              <8> on input line 52.
luaotfload | load : auto-selecting default features for script: dflt
LaTeX Font Info:    External font `cmex10' loaded for size
(Font)              <6> on input line 52.
luaotfload | load : auto-selecting default features for script: dflt
(/usr/local/texlive/2014/texmf-dist/tex/latex/microtype/mt-cmr.cfg
File: mt-cmr.cfg 2013/05/19 v2.2 microtype config. file: Computer Modern Roman (
RS)
)
luaotfload | load : auto-selecting default features for script: dflt
luaotfload | load : auto-selecting default features for script: dflt

Class scrreprt Warning: Usage of deprecated font command `\it'!
(scrreprt)              You should note, that in 1994 font command `\it' has
(scrreprt)              been defined for compatiblitiy to Script 2.0 only.
(scrreprt)              Now, after two decades of LaTeX2e and NFSS2, you
(scrreprt)              shouldn't use such commands any longer and within
(scrreprt)              KOMA-Script usage of `\it' is definitely deprecated.
(scrreprt)              See `fntguide.pdf' for more information about
(scrreprt)              recommended font commands.
(scrreprt)              Note also, that KOMA-Script will remove the definition
(scrreprt)              of `\it' anytime until release of about version 3.20.
(scrreprt)              But for now, KOMA-Script will replace deprecated `\it'
(scrreprt)              by `\normalfont \itshape ' on input line 53.

luaotfload | load : auto-selecting default features for script: latn
luaotfload | load : no defaults for script "latn", falling back to "dflt"

Class scrreprt Warning: Usage of deprecated font command `\it'!
(scrreprt)              You should note, that in 1994 font command `\it' has
(scrreprt)              been defined for compatiblitiy to Script 2.0 only.
(scrreprt)              Now, after two decades of LaTeX2e and NFSS2, you
(scrreprt)              shouldn't use such commands any longer and within
(scrreprt)              KOMA-Script usage of `\it' is definitely deprecated.
(scrreprt)              See `fntguide.pdf' for more information about
(scrreprt)              recommended font commands.
(scrreprt)              Note also, that KOMA-Script will remove the definition
(scrreprt)              of `\it' anytime until release of about version 3.20.
(scrreprt)              But for now, KOMA-Script will replace deprecated `\it'
(scrreprt)              by `\normalfont \itshape ' on input line 59.


Class scrreprt Warning: Usage of deprecated font command `\it'!
(scrreprt)              You should note, that in 1994 font command `\it' has
(scrreprt)              been defined for compatiblitiy to Script 2.0 only.
(scrreprt)              Now, after two decades of LaTeX2e and NFSS2, you
(scrreprt)              shouldn't use such commands any longer and within
(scrreprt)              KOMA-Script usage of `\it' is definitely deprecated.
(scrreprt)              See `fntguide.pdf' for more information about
(scrreprt)              recommended font commands.
(scrreprt)              Note also, that KOMA-Script will remove the definition
(scrreprt)              of `\it' anytime until release of about version 3.20.
(scrreprt)              But for now, KOMA-Script will replace deprecated `\it'
(scrreprt)              by `\normalfont \itshape ' on input line 63.


Class scrreprt Warning: Usage of deprecated font command `\it'!
(scrreprt)              You should note, that in 1994 font command `\it' has
(scrreprt)              been defined for compatiblitiy to Script 2.0 only.
(scrreprt)              Now, after two decades of LaTeX2e and NFSS2, you
(scrreprt)              shouldn't use such commands any longer and within
(scrreprt)              KOMA-Script usage of `\it' is definitely deprecated.
(scrreprt)              See `fntguide.pdf' for more information about
(scrreprt)              recommended font commands.
(scrreprt)              Note also, that KOMA-Script will remove the definition
(scrreprt)              of `\it' anytime until release of about version 3.20.
(scrreprt)              But for now, KOMA-Script will replace deprecated `\it'
(scrreprt)              by `\normalfont \itshape ' on input line 67.


Class scrreprt Warning: Usage of deprecated font command `\it'!
(scrreprt)              You should note, that in 1994 font command `\it' has
(scrreprt)              been defined for compatiblitiy to Script 2.0 only.
(scrreprt)              Now, after two decades of LaTeX2e and NFSS2, you
(scrreprt)              shouldn't use such commands any longer and within
(scrreprt)              KOMA-Script usage of `\it' is definitely deprecated.
(scrreprt)              See `fntguide.pdf' for more information about
(scrreprt)              recommended font commands.
(scrreprt)              Note also, that KOMA-Script will remove the definition
(scrreprt)              of `\it' anytime until release of about version 3.20.
(scrreprt)              But for now, KOMA-Script will replace deprecated `\it'
(scrreprt)              by `\normalfont \itshape ' on input line 71.


Class scrreprt Warning: Usage of deprecated font command `\it'!
(scrreprt)              You should note, that in 1994 font command `\it' has
(scrreprt)              been defined for compatiblitiy to Script 2.0 only.
(scrreprt)              Now, after two decades of LaTeX2e and NFSS2, you
(scrreprt)              shouldn't use such commands any longer and within
(scrreprt)              KOMA-Script usage of `\it' is definitely deprecated.
(scrreprt)              See `fntguide.pdf' for more information about
(scrreprt)              recommended font commands.
(scrreprt)              Note also, that KOMA-Script will remove the definition
(scrreprt)              of `\it' anytime until release of about version 3.20.
(scrreprt)              But for now, KOMA-Script will replace deprecated `\it'
(scrreprt)              by `\normalfont \itshape ' on input line 75.

LaTeX Font Info:    Font shape `EU2/LinuxLibertineO(0)/m/sl' in size <10.95> not
 available
(Font)              Font shape `EU2/LinuxLibertineO(0)/m/it' tried instead on in
put line 98.
luaotfload | load : auto-selecting default features for script: latn
luaotfload | load : no defaults for script "latn", falling back to "dflt"
luaotfload | load : auto-selecting default features for script: latn
luaotfload | load : no defaults for script "latn", falling back to "dflt" [1


{/usr/local/texlive/2014/texmf-var/fonts/map/pdftex/updmap/pdftex.map}<./pov.png
><./team.png>] (./Steckbrief.aux))

Here is how much of LuaTeX's memory you used:
 18458 strings out of 494695
 100000,552014 words of node,token memory allocated
 343 words of node memory still in use:
   4 hlist, 1 vlist, 1 rule, 2 glue, 1 kern, 5 attribute, 49 glue_spec, 5 attrib
ute_list, 1 write nodes
   avail lists: 2:6284,3:118,4:1017,5:174,6:3451,7:70,9:140,10:466
 21659 multiletter control sequences out of 65536+600000
 41 fonts using 4431951 bytes
 68i,9n,48p,574b,246s stack positions out of 5000i,500n,10000p,200000b,100000s
</usr/local/texlive/2014/texmf-dist/fonts/opentype/public/libertine/LinLibertine
_RI.otf></usr/local/texlive/2014/texmf-dist/fonts/opentype/public/libertine/LinL
ibertine_R.otf></usr/local/texlive/2014/texmf-dist/fonts/opentype/public/liberti
ne/LinLibertine_RB.otf><</usr/local/texlive/2014/texmf-dist/fonts/type1/public/a
msfonts/cm/cmsy10.pfb>
Output written on Steckbrief.pdf (1 page, 1276074 bytes).

PDF statistics: 37 PDF objects out of 1000 (max. 8388607)
 19 compressed objects within 1 object stream
 0 named destinations out of 1000 (max. 131072)
 1 words of extra memory for PDF output out of 10000 (max. 10000000)

